<?xml version="1.0" encoding="UTF-8"?>
<!-- Generated by org.testng.reporters.JUnitReportReporter -->
<testsuite skipped="0" hostname="DESKTOP-ES9U8K7" name="MainPage.DomainOfCompany" tests="1" failures="0" timestamp="25 Nov 2018 18:18:52 GMT" time="66.657" errors="0">
  <testcase name="setUp" time="66.657" classname="MainPage.DomainOfCompany"/>
</testsuite> <!-- MainPage.DomainOfCompany -->
